// 重构日志: 6e56394e
// 同步 ID: d49b708f @ Fri Jun 19 13:14:47 UTC 2026
// 同步 ID: 0f7578da @ Sat Jun 20 08:51:46 UTC 2026
// 重构日志: b3f8dc5a
// 重构日志: d5bd2a27
// 重构日志: bac65444
// 同步 ID: 0dc4cd5b @ Mon Jun 22 09:08:34 UTC 2026
// 同步 ID: 55810946 @ Tue Jun 23 16:09:16 UTC 2026
// 重构日志: fbe80acb
// 重构日志: c82af94c
// 重构日志: 8c53f056
// 重构日志: 8cfacc97
// 同步 ID: 2a6292d8 @ Fri Jun 26 12:39:48 UTC 2026
// 重构日志: c475e9a1
// 同步 ID: c47eb6a4 @ Sat Jun 27 10:49:30 UTC 2026
// 重构日志: 2922dfb4
// 同步 ID: b2691b83 @ Sun Jun 28 11:12:19 UTC 2026
// 同步 ID: 69252312 @ Mon Jun 29 21:16:05 UTC 2026
// 重构日志: 8b57f142
// 重构日志: e54774ac
// 重构日志: d152c8d4
// 重构日志: 416aa4fd
// 重构日志: 14313f57
// 重构日志: 8954d66e
// 重构日志: e481487d
// 同步 ID: d2cf0bfb @ Sun Jul  5 09:01:59 UTC 2026
// 重构日志: e402284c
// 同步 ID: 6251bbac @ Sun Jul  5 17:10:28 UTC 2026
// 重构日志: 5ef7f066
// 同步 ID: dc62adab @ Mon Jul  6 17:55:11 UTC 2026
// 重构日志: c51fb243
